[0m[[0mdebug[0m] [0mForking tests - parallelism = false[0m
[0m[[0mdebug[0m] [0mCreate a single-thread test executor[0m
[0m[[0mdebug[0m] [0mRunner for com.novocode.junit.JUnitFramework produced 1 initial tasks for 1 tests.[0m
[0m[[0mdebug[0m] [0m  Running TaskDef(TemperatureControllerTest, sbt.ForkMain$AnnotatedFingerscan@d930706, false, [SuiteSelector])[0m
[0m[[0mdebug[0m] [0m[34mTest run started[0m[0m
[0m[[0mdebug[0m] [0mTest [33mTemperatureControllerTest[0m.[36msimpleCheck[0m started[0m
[0m[[0mdebug[0m] [0mTest [33mTemperatureControllerTest[0m.[36msimpleCheck[0m finished, took 0.008 sec[0m
[0m[[0mdebug[0m] [0mTest [33mTemperatureControllerTest[0m.[36mtestIndex[0m started[0m
[0m[[31merror[0m] [0mTest [33mTemperatureControllerTest[0m.[31mtestIndex[0m failed: java.lang.[31mExceptionInInitializerError[0m: null, took 0.47 sec[0m
[0m[[31merror[0m] [0m    at controllers.TemperatureController.index(TemperatureController.java:36)[0m
[0m[[31merror[0m] [0m    at TemperatureControllerTest.testIndex([35mTemperatureControllerTest.java[0m:[33m47[0m)[0m
[0m[[31merror[0m] [0m    ...[0m
[0m[[31merror[0m] [0mCaused by: java.lang.RuntimeException: There is no started application[0m
[0m[[31merror[0m] [0m    at scala.sys.package$.error(package.scala:27)[0m
[0m[[31merror[0m] [0m    at play.api.Play$$anonfun$current$1.apply(Play.scala:71)[0m
[0m[[31merror[0m] [0m    at play.api.Play$$anonfun$current$1.apply(Play.scala:71)[0m
[0m[[31merror[0m] [0m    at scala.Option.getOrElse(Option.scala:120)[0m
[0m[[31merror[0m] [0m    at play.api.Play$.current(Play.scala:71)[0m
[0m[[31merror[0m] [0m    at play.modules.mongodb.jackson.MongoDB$.getCollection(MongoDB.scala:94)[0m
[0m[[31merror[0m] [0m    at play.modules.mongodb.jackson.MongoDB.getCollection(MongoDB.scala)[0m
[0m[[31merror[0m] [0m    at models.Temperature.<clinit>(Temperature.java:29)[0m
[0m[[31merror[0m] [0m    ... 36 more[0m
[0m[[0mdebug[0m] [0mTest [33mTemperatureControllerTest[0m.[36mtestIndex[0m finished, took 0.472 sec[0m
[0m[[0mdebug[0m] [0mTest [33mTemperatureControllerTest[0m.[36mtestShow[0m started[0m
[0m[[31merror[0m] [0mTest [33mTemperatureControllerTest[0m.[31mtestShow[0m failed: java.lang.[31mNoClassDefFoundError[0m: Could not initialize class models.Temperature, took 0.001 sec[0m
[0m[[31merror[0m] [0m    at controllers.TemperatureController.show(TemperatureController.java:73)[0m
[0m[[31merror[0m] [0m    at TemperatureControllerTest.testShow([35mTemperatureControllerTest.java[0m:[33m59[0m)[0m
[0m[[31merror[0m] [0m    ...[0m
[0m[[0mdebug[0m] [0mTest [33mTemperatureControllerTest[0m.[36mtestShow[0m finished, took 0.002 sec[0m
[0m[[0mdebug[0m] [0mTest [33mTemperatureControllerTest[0m.[36mrenderTemplate[0m started[0m
[0m[[0mdebug[0m] [0mTest [33mTemperatureControllerTest[0m.[36mrenderTemplate[0m finished, took 0.071 sec[0m
[0m[[0mdebug[0m] [0m[34mTest run finished: [0m[31m2 failed[0m[34m, [0m[34m0 ignored[0m[34m, 4 total, 0.561s[0m[0m
[0m[[0mdebug[0m] [0m    Produced 0 nested tasks and 4 events.[0m
[0m[[0mdebug[0m] [0mRunner for org.specs2.runner.Specs2Framework produced 0 initial tasks for 0 tests.[0m
[0m[[0mdebug[0m] [0mSummary for JUnit not available.[0m
[0m[[0mdebug[0m] [0mSummary for specs2 not available.[0m
[0m[[31merror[0m] [0mFailed: Total 4, Failed 2, Errors 0, Passed 2[0m
[0m[[31merror[0m] [0mFailed tests:[0m
[0m[[31merror[0m] [0m	TemperatureControllerTest[0m
[0m[[31merror[0m] [0m(test:[31mtestOnly[0m) sbt.TestsFailedException: Tests unsuccessful[0m
